<?xml version="1.0" encoding="UTF-8"?>
<!-- Generated by org.testng.reporters.JUnitXMLReporter -->
<testsuite hostname="ACBD1WGN4S" ignored="0" name="Default test" tests="3" failures="0" timestamp="09 Jun 2018 02:50:47 GMT" time="45.897" errors="0">
  <testcase name="createUserTest" time="4.709" classname="com.acttime.usertest.UserTest"/>
  <testcase name="modifyUserTest" time="9.926" classname="com.acttime.usertest.UserTest"/>
  <testcase name="searchUserTest" time="0.003" classname="com.acttime.usertest.UserTest"/>
</testsuite> <!-- Default test -->
