<?xml version="1.0" encoding="UTF-8"?>
<!-- Generated by org.testng.reporters.JUnitXMLReporter -->
<testsuite hostname="win8" name="Test" tests="5" failures="0" timestamp="3 Jun 2018 08:18:45 GMT" time="70.926" errors="0">
  <testcase name="createCustomerTest" time="7.889" classname="com.acttime.customertest.CustomerTest"/>
  <testcase name="createCustomerWitDecTest" time="7.926" classname="com.acttime.customertest.CustomerTest"/>
  <testcase name="createUserTest" time="0.002" classname="com.acttime.usertest.UserTest"/>
  <testcase name="modifyUserTest" time="0.004" classname="com.acttime.usertest.UserTest"/>
  <testcase name="searchUserTest" time="0.001" classname="com.acttime.usertest.UserTest"/>
</testsuite> <!-- Test -->
